<?xml version="1.0" encoding="UTF-8"?>
<!-- Generated by org.testng.reporters.JUnitXMLReporter -->
<testsuite ignored="0" hostname="aalmeida-ThinkPad-W540" failures="0" tests="3" name="test 1" time="0.043" errors="0" timestamp="2020-11-25T10:03:12 MST">
  <testcase classname="TestNGSimpleTest" name="testDataProvider" time="0.008"/>
  <testcase classname="TestNGSimpleTest" name="testDataProvider" time="0.001"/>
  <testcase classname="TestNGSimpleTest" name="testString" time="0.001"/>
</testsuite> <!-- test 1 -->
