<?xml version="1.0" encoding="UTF-8"?>
<testng-results ignored="0" total="3" passed="3" failed="0" skipped="0">
  <reporter-output>
  </reporter-output>
  <suite started-at="2020-11-25T10:03:12 MST" name="Suite 1" finished-at="2020-11-25T10:03:12 MST" duration-ms="43">
    <groups>
    </groups>
    <test started-at="2020-11-25T10:03:12 MST" name="test 1" finished-at="2020-11-25T10:03:12 MST" duration-ms="43">
      <class name="TestNGSimpleTest">
        <test-method signature="testDataProvider(java.lang.Integer)[pri:0, instance:TestNGSimpleTest@2362f559]" started-at="2020-11-25T10:03:12 MST" name="testDataProvider" data-provider="validElements" finished-at="2020-11-25T10:03:12 MST" duration-ms="8" status="PASS">
          <params>
            <param index="0">
              <value>
                <![CDATA[1]]>
              </value>
            </param>
          </params>
          <reporter-output>
          </reporter-output>
        </test-method> <!-- testDataProvider -->
        <test-method signature="testDataProvider(java.lang.Integer)[pri:0, instance:TestNGSimpleTest@2362f559]" started-at="2020-11-25T10:03:12 MST" name="testDataProvider" data-provider="validElements" finished-at="2020-11-25T10:03:12 MST" duration-ms="1" status="PASS">
          <params>
            <param index="0">
              <value>
                <![CDATA[2]]>
              </value>
            </param>
          </params>
          <reporter-output>
          </reporter-output>
        </test-method> <!-- testDataProvider -->
        <test-method signature="testString()[pri:0, instance:TestNGSimpleTest@2362f559]" started-at="2020-11-25T10:03:12 MST" name="testString" finished-at="2020-11-25T10:03:12 MST" duration-ms="1" status="PASS">
          <reporter-output>
          </reporter-output>
        </test-method> <!-- testString -->
      </class> <!-- TestNGSimpleTest -->
    </test> <!-- test 1 -->
  </suite> <!-- Suite 1 -->
</testng-results>
